|Portal| 2026-02-14 05:26:27 [..] Loaded.
|Portal| 2026-02-14 05:26:26 [..] Loading /usr/src/evennia/evennia/server/portal/portal.py...
|Portal| 2026-02-14 05:26:27 [..] Loaded.
|Portal| 2026-02-14 05:26:27 [..] twistd 24.11.0 (/usr/local/bin/python3.11 3.11.13) starting up.
|Portal| 2026-02-14 05:26:27 [..] reactor class: twisted.internet.epollreactor.EPollReactor.
|Portal| 2026-02-14 05:26:27 [..] AMP starting on 4006
|Portal| 2026-02-14 05:26:27 [..] Telnet starting on 4000
|Portal| 2026-02-14 05:26:27 [..] Websocket starting on 4002
|Portal| 2026-02-14 05:26:27 [..] Webserver-proxy starting on 4001
|Portal| 2026-02-14 05:26:28 [..] Portal starting server ... 
|Portal| 2026-02-14 05:26:32 [..] Portal starting server ... 
|Portal| 2026-02-14 05:30:17 [..] Loaded.
|Portal| 2026-02-14 05:30:15 [..] Loading /usr/src/evennia/evennia/server/portal/portal.py...
|Portal| 2026-02-14 05:30:17 [..] Loaded.
|Portal| 2026-02-14 05:30:17 [..] twistd 24.11.0 (/usr/local/bin/python3.11 3.11.13) starting up.
|Portal| 2026-02-14 05:30:17 [..] reactor class: twisted.internet.epollreactor.EPollReactor.
|Portal| 2026-02-14 05:30:17 [..] AMP starting on 4006
|Portal| 2026-02-14 05:30:17 [..] Telnet starting on 4000
|Portal| 2026-02-14 05:30:17 [..] Websocket starting on 4002
|Portal| 2026-02-14 05:30:17 [..] Webserver-proxy starting on 4001
|Portal| 2026-02-14 05:30:17 [..] Portal starting server ... 
|Portal| 2026-02-14 05:46:05 [..] Loaded.
|Portal| 2026-02-14 05:46:03 [..] Loading /usr/src/evennia/evennia/server/portal/portal.py...
|Portal| 2026-02-14 05:46:05 [..] Loaded.
|Portal| 2026-02-14 05:46:05 [..] twistd 24.11.0 (/usr/local/bin/python3.11 3.11.13) starting up.
|Portal| 2026-02-14 05:46:05 [..] reactor class: twisted.internet.epollreactor.EPollReactor.
|Portal| 2026-02-14 05:46:05 [..] AMP starting on 4006
|Portal| 2026-02-14 05:46:05 [..] Telnet starting on 4000
|Portal| 2026-02-14 05:46:05 [..] Websocket starting on 4002
|Portal| 2026-02-14 05:46:05 [..] Webserver-proxy starting on 4001
|Portal| 2026-02-14 05:46:05 [..] Portal starting server ... 
|Portal| 2026-02-14 18:32:24 [..] Portal starting server ... 
